../Bin64/Debug\NiUserTracker64.ilk
../Bin64/Debug\NiUserTracker64.pdb
C:\USERS\DBI\DOCUMENTS\VISUAL STUDIO 2010\PROJECTS\OPENNI\BIN64\DEBUG\NIUSERTRACKER64.EXE
C:\USERS\DBI\DOCUMENTS\VISUAL STUDIO 2010\PROJECTS\OPENNI\BIN64\DEBUG\NIUSERTRACKER64.ILK
C:\USERS\DBI\DOCUMENTS\VISUAL STUDIO 2010\PROJECTS\OPENNI\BIN64\DEBUG\NIUSERTRACKER64.PDB
C:\Users\dbi\Documents\Visual Studio 2010\Projects\OpenNI\NiUserTracker\../Bin64/Debug\NiUserTracker64.exe
C:\Users\dbi\Documents\Visual Studio 2010\Projects\OpenNI\NiUserTracker\x64Debug\cl.command.1.tlog
C:\Users\dbi\Documents\Visual Studio 2010\Projects\OpenNI\NiUserTracker\x64Debug\CL.read.1.tlog
C:\Users\dbi\Documents\Visual Studio 2010\Projects\OpenNI\NiUserTracker\x64Debug\CL.write.1.tlog
C:\USERS\DBI\DOCUMENTS\VISUAL STUDIO 2010\PROJECTS\OPENNI\NIUSERTRACKER\X64DEBUG\CONFIG.OBJ
C:\Users\dbi\Documents\Visual Studio 2010\Projects\OpenNI\NiUserTracker\x64Debug\link.13616.read.1.tlog
C:\Users\dbi\Documents\Visual Studio 2010\Projects\OpenNI\NiUserTracker\x64Debug\link.13616.write.1.tlog
C:\Users\dbi\Documents\Visual Studio 2010\Projects\OpenNI\NiUserTracker\x64Debug\link.13616-cvtres.read.1.tlog
C:\Users\dbi\Documents\Visual Studio 2010\Projects\OpenNI\NiUserTracker\x64Debug\link.13616-cvtres.write.1.tlog
C:\Users\dbi\Documents\Visual Studio 2010\Projects\OpenNI\NiUserTracker\x64Debug\link.6316.read.1.tlog
C:\Users\dbi\Documents\Visual Studio 2010\Projects\OpenNI\NiUserTracker\x64Debug\link.6316.write.1.tlog
C:\Users\dbi\Documents\Visual Studio 2010\Projects\OpenNI\NiUserTracker\x64Debug\link.6316-cvtres.read.1.tlog
C:\Users\dbi\Documents\Visual Studio 2010\Projects\OpenNI\NiUserTracker\x64Debug\link.6316-cvtres.write.1.tlog
C:\Users\dbi\Documents\Visual Studio 2010\Projects\OpenNI\NiUserTracker\x64Debug\link.6740.read.1.tlog
C:\Users\dbi\Documents\Visual Studio 2010\Projects\OpenNI\NiUserTracker\x64Debug\link.6740.write.1.tlog
C:\Users\dbi\Documents\Visual Studio 2010\Projects\OpenNI\NiUserTracker\x64Debug\link.6740-cvtres.read.1.tlog
C:\Users\dbi\Documents\Visual Studio 2010\Projects\OpenNI\NiUserTracker\x64Debug\link.6740-cvtres.write.1.tlog
C:\Users\dbi\Documents\Visual Studio 2010\Projects\OpenNI\NiUserTracker\x64Debug\link.8596.read.1.tlog
C:\Users\dbi\Documents\Visual Studio 2010\Projects\OpenNI\NiUserTracker\x64Debug\link.8596.write.1.tlog
C:\Users\dbi\Documents\Visual Studio 2010\Projects\OpenNI\NiUserTracker\x64Debug\link.8596-cvtres.read.1.tlog
C:\Users\dbi\Documents\Visual Studio 2010\Projects\OpenNI\NiUserTracker\x64Debug\link.8596-cvtres.write.1.tlog
C:\Users\dbi\Documents\Visual Studio 2010\Projects\OpenNI\NiUserTracker\x64Debug\link.command.1.tlog
C:\Users\dbi\Documents\Visual Studio 2010\Projects\OpenNI\NiUserTracker\x64Debug\link.read.1.tlog
C:\Users\dbi\Documents\Visual Studio 2010\Projects\OpenNI\NiUserTracker\x64Debug\link.write.1.tlog
C:\Users\dbi\Documents\Visual Studio 2010\Projects\OpenNI\NiUserTracker\x64Debug\link-cvtres.read.1.tlog
C:\Users\dbi\Documents\Visual Studio 2010\Projects\OpenNI\NiUserTracker\x64Debug\link-cvtres.write.1.tlog
C:\USERS\DBI\DOCUMENTS\VISUAL STUDIO 2010\PROJECTS\OPENNI\NIUSERTRACKER\X64DEBUG\MAIN.OBJ
C:\USERS\DBI\DOCUMENTS\VISUAL STUDIO 2010\PROJECTS\OPENNI\NIUSERTRACKER\X64DEBUG\MOVIEMNG.OBJ
C:\Users\dbi\Documents\Visual Studio 2010\Projects\OpenNI\NiUserTracker\x64Debug\mt.command.1.tlog
C:\Users\dbi\Documents\Visual Studio 2010\Projects\OpenNI\NiUserTracker\x64Debug\mt.read.1.tlog
C:\Users\dbi\Documents\Visual Studio 2010\Projects\OpenNI\NiUserTracker\x64Debug\mt.write.1.tlog
C:\USERS\DBI\DOCUMENTS\VISUAL STUDIO 2010\PROJECTS\OPENNI\NIUSERTRACKER\X64DEBUG\NIUSERTRACKER64.EXE.EMBED.MANIFEST
C:\USERS\DBI\DOCUMENTS\VISUAL STUDIO 2010\PROJECTS\OPENNI\NIUSERTRACKER\X64DEBUG\NIUSERTRACKER64.EXE.EMBED.MANIFEST.RES
C:\USERS\DBI\DOCUMENTS\VISUAL STUDIO 2010\PROJECTS\OPENNI\NIUSERTRACKER\X64DEBUG\NIUSERTRACKER64.EXE.INTERMEDIATE.MANIFEST
C:\Users\dbi\Documents\Visual Studio 2010\Projects\OpenNI\NiUserTracker\x64Debug\NiUserTracker64_manifest.rc
C:\USERS\DBI\DOCUMENTS\VISUAL STUDIO 2010\PROJECTS\OPENNI\NIUSERTRACKER\X64DEBUG\OPENNI.RES
C:\Users\dbi\Documents\Visual Studio 2010\Projects\OpenNI\NiUserTracker\x64Debug\rc.command.1.tlog
C:\Users\dbi\Documents\Visual Studio 2010\Projects\OpenNI\NiUserTracker\x64Debug\rc.read.1.tlog
C:\Users\dbi\Documents\Visual Studio 2010\Projects\OpenNI\NiUserTracker\x64Debug\rc.write.1.tlog
C:\USERS\DBI\DOCUMENTS\VISUAL STUDIO 2010\PROJECTS\OPENNI\NIUSERTRACKER\X64DEBUG\SCENEDRAWER.OBJ
C:\USERS\DBI\DOCUMENTS\VISUAL STUDIO 2010\PROJECTS\OPENNI\NIUSERTRACKER\X64DEBUG\SERVERCOM.OBJ
C:\USERS\DBI\DOCUMENTS\VISUAL STUDIO 2010\PROJECTS\OPENNI\NIUSERTRACKER\X64DEBUG\SKELMNG.OBJ
C:\USERS\DBI\DOCUMENTS\VISUAL STUDIO 2010\PROJECTS\OPENNI\NIUSERTRACKER\X64DEBUG\UTIL.OBJ
C:\Users\dbi\Documents\Visual Studio 2010\Projects\OpenNI\NiUserTracker\x64Debug\vc100.idb
C:\USERS\DBI\DOCUMENTS\VISUAL STUDIO 2010\PROJECTS\OPENNI\NIUSERTRACKER\X64DEBUG\VC100.PDB
