C:\Users\dbi\Documents\Visual Studio 2010\Projects\OpenNI\NiUserTracker\x64Release\CL.5188.read.1.tlog
C:\Users\dbi\Documents\Visual Studio 2010\Projects\OpenNI\NiUserTracker\x64Release\CL.5188.write.1.tlog
C:\Users\dbi\Documents\Visual Studio 2010\Projects\OpenNI\NiUserTracker\x64Release\CL.5304.read.1.tlog
C:\Users\dbi\Documents\Visual Studio 2010\Projects\OpenNI\NiUserTracker\x64Release\CL.5304.write.1.tlog
C:\Users\dbi\Documents\Visual Studio 2010\Projects\OpenNI\NiUserTracker\x64Release\CL.5784.read.1.tlog
C:\Users\dbi\Documents\Visual Studio 2010\Projects\OpenNI\NiUserTracker\x64Release\CL.5784.write.1.tlog
C:\Users\dbi\Documents\Visual Studio 2010\Projects\OpenNI\NiUserTracker\x64Release\CL.6860.read.1.tlog
C:\Users\dbi\Documents\Visual Studio 2010\Projects\OpenNI\NiUserTracker\x64Release\CL.6860.write.1.tlog
C:\Users\dbi\Documents\Visual Studio 2010\Projects\OpenNI\NiUserTracker\x64Release\cl.command.1.tlog
C:\Users\dbi\Documents\Visual Studio 2010\Projects\OpenNI\NiUserTracker\x64Release\CL.read.1.tlog
C:\Users\dbi\Documents\Visual Studio 2010\Projects\OpenNI\NiUserTracker\x64Release\cl.write.1.tlog
C:\Users\dbi\Documents\Visual Studio 2010\Projects\OpenNI\NiUserTracker\x64Release\Config.obj
C:\Users\dbi\Documents\Visual Studio 2010\Projects\OpenNI\NiUserTracker\x64Release\link.command.1.tlog
C:\Users\dbi\Documents\Visual Studio 2010\Projects\OpenNI\NiUserTracker\x64Release\link.read.1.tlog
C:\Users\dbi\Documents\Visual Studio 2010\Projects\OpenNI\NiUserTracker\x64Release\link.write.1.tlog
C:\Users\dbi\Documents\Visual Studio 2010\Projects\OpenNI\NiUserTracker\x64Release\main.obj
C:\USERS\DBI\DOCUMENTS\VISUAL STUDIO 2010\PROJECTS\OPENNI\NIUSERTRACKER\X64RELEASE\MOVIEMNG.OBJ
C:\USERS\DBI\DOCUMENTS\VISUAL STUDIO 2010\PROJECTS\OPENNI\NIUSERTRACKER\X64RELEASE\OPENNI.RES
C:\Users\dbi\Documents\Visual Studio 2010\Projects\OpenNI\NiUserTracker\x64Release\rc.command.1.tlog
C:\Users\dbi\Documents\Visual Studio 2010\Projects\OpenNI\NiUserTracker\x64Release\rc.read.1.tlog
C:\Users\dbi\Documents\Visual Studio 2010\Projects\OpenNI\NiUserTracker\x64Release\rc.write.1.tlog
C:\Users\dbi\Documents\Visual Studio 2010\Projects\OpenNI\NiUserTracker\x64Release\SceneDrawer.obj
C:\Users\dbi\Documents\Visual Studio 2010\Projects\OpenNI\NiUserTracker\x64Release\ServerCom.obj
C:\Users\dbi\Documents\Visual Studio 2010\Projects\OpenNI\NiUserTracker\x64Release\SkelMng.obj
C:\Users\dbi\Documents\Visual Studio 2010\Projects\OpenNI\NiUserTracker\x64Release\Util.obj
C:\USERS\DBI\DOCUMENTS\VISUAL STUDIO 2010\PROJECTS\OPENNI\NIUSERTRACKER\X64RELEASE\VC100.PDB
